[18:58:10.078] [INFO] storybook v10.2.0
[18:58:10.393] [DEBUG] Getting package.json info for /home/promethey/Documents/bootstrap-ui-react/package.json...
[18:58:11.301] [INFO] Starting...
[18:58:11.359] [WARN] No story files found for the specified pattern: [34msrc/**/*.mdx[39m
[18:58:11.707] [DEBUG] Starting preview..
[18:58:11.731] [INFO] Addon-docs: using MDX3
[18:58:11.774] [INFO] Using implicit CSS loaders
[18:58:11.789] [INFO] Using default Webpack5 setup
[18:58:12.607] [DEBUG] Using tsconfig paths for react-docgen
[18:58:17.202] [ERROR] Failed to build the preview
[18:58:17.205] [WARN] Force closed preview build
[18:58:17.207] [ERROR] [38;2;241;97;97mSB_BUILDER-WEBPACK5_0003 (WebpackCompilationError): There were problems when compiling your code with Webpack.
Run Storybook with --debug-webpack for more information.[39m
    at starter (file://./node_modules/@storybook/builder-webpack5/dist/index.js:799:11)
    at starter.next (<anonymous>)
    at Module.start (file://./node_modules/@storybook/builder-webpack5/dist/index.js:857:34)
    at process.processTicksAndRejections (node:internal/process/task_queues:103:5)
    at async storybookDevServer (file://./node_modules/storybook/dist/core-server/index.js:7207:83)
    at async buildOrThrow (file://./node_modules/storybook/dist/core-server/index.js:4504:12)
    at async buildDevStandalone (file://./node_modules/storybook/dist/core-server/index.js:7577:66)
    at async withTelemetry (file://./node_modules/storybook/dist/_node-chunks/chunk-5T2PCIM6.js:218:12)
    at async dev (file://./node_modules/storybook/dist/bin/core.js:2734:3)
    at async _Command.<anonymous> (file://./node_modules/storybook/dist/bin/core.js:2801:92)
[18:58:17.212] [WARN] Broken build, fix the error above.
You may need to refresh the browser.